Using pre-set license
Built from '2020.3/staging' branch; Version is '2020.3.18f1 (a7d1c678663c) revision 10998214'; Using compiler version '192528614'; Build Type 'Release'
OS: 'Windows 10 Pro; OS build 22523.1000; Version 2009; 64bit' Language: 'en' Physical Memory: 32699 MB
BatchMode: 1, IsHumanControllingUs: 0, StartBugReporterOnCrash: 0, Is64bit: 1, IsPro: 0

COMMAND LINE ARGUMENTS:
C:\Program Files\Unity\Hub\Editor\2020.3.18f1\Editor\Unity.exe
-adb2
-batchMode
-noUpm
-name
AssetImportWorker0
-projectPath
C:/Users/jpmcc/Documents/GitHub/starbase-39a/Starbase
-logFile
Logs/AssetImportWorker0.log
-srvPort
45085
Successfully changed project path to: C:/Users/jpmcc/Documents/GitHub/starbase-39a/Starbase
C:/Users/jpmcc/Documents/GitHub/starbase-39a/Starbase
Using Asset Import Pipeline V2.
Refreshing native plugins compatible for Editor in 55.32 ms, found 9 plugins.
Preloading 5 native plugins for Editor in 1.49 ms.
Initialize engine version: 2020.3.18f1 (a7d1c678663c)
[Subsystems] Discovering subsystems at path C:/Program Files/Unity/Hub/Editor/2020.3.18f1/Editor/Data/Resources/UnitySubsystems
[Subsystems] Discovering subsystems at path C:/Users/jpmcc/Documents/GitHub/starbase-39a/Starbase/Assets
GfxDevice: creating device client; threaded=0
Direct3D:
    Version:  Direct3D 11.0 [level 11.1]
    Renderer: NVIDIA GeForce GTX 1070 (ID=0x1b81)
    Vendor:   
    VRAM:     8088 MB
    Driver:   30.0.14.9674
Initialize mono
Mono path[0] = 'C:/Program Files/Unity/Hub/Editor/2020.3.18f1/Editor/Data/Managed'
Mono path[1] = 'C:/Program Files/Unity/Hub/Editor/2020.3.18f1/Editor/Data/MonoBleedingEdge/lib/mono/unityjit'
Mono config path = 'C:/Program Files/Unity/Hub/Editor/2020.3.18f1/Editor/Data/MonoBleedingEdge/etc'
Using monoOptions --debugger-agent=transport=dt_socket,embedding=1,server=y,suspend=n,address=127.0.0.1:56000
Begin MonoManager ReloadAssembly
Registering precompiled unity dll's ...
Register platform support module: C:/Program Files/Unity/Hub/Editor/2020.3.18f1/Editor/Data/PlaybackEngines/MacStandaloneSupport/UnityEditor.OSXStandalone.Extensions.dll
Register platform support module: C:/Program Files/Unity/Hub/Editor/2020.3.18f1/Editor/Data/PlaybackEngines/WindowsStandaloneSupport/UnityEditor.WindowsStandalone.Extensions.dll
Registered in 0.001437 seconds.
Native extension for WindowsStandalone target not found
Native extension for OSXStandalone target not found
Refreshing native plugins compatible for Editor in 48.96 ms, found 9 plugins.
Preloading 5 native plugins for Editor in 0.19 ms.
Mono: successfully reloaded assembly
- Completed reload, in  0.950 seconds
Domain Reload Profiling:
	ReloadAssembly (951ms)
		BeginReloadAssembly (39ms)
			ExecutionOrderSort (0ms)
			DisableScriptedObjects (0ms)
			BackupInstance (0ms)
			ReleaseScriptingObjects (0ms)
			CreateAndSetChildDomain (1ms)
		EndReloadAssembly (344ms)
			LoadAssemblies (38ms)
			RebuildTransferFunctionScriptingTraits (0ms)
			SetupTypeCache (119ms)
			ReleaseScriptCaches (0ms)
			RebuildScriptCaches (24ms)
			SetupLoadedEditorAssemblies (146ms)
				LogAssemblyErrors (0ms)
				InitializePlatformSupportModulesInManaged (4ms)
				SetLoadedEditorAssemblies (0ms)
				RefreshPlugins (49ms)
				BeforeProcessingInitializeOnLoad (7ms)
				ProcessInitializeOnLoadAttributes (63ms)
				ProcessInitializeOnLoadMethodAttributes (23ms)
				AfterProcessingInitializeOnLoad (0ms)
				EditorAssembliesLoaded (0ms)
			ExecutionOrderSort2 (0ms)
			AwakeInstancesAfterBackupRestoration (0ms)
Platform modules already initialized, skipping
Registering precompiled user dll's ...
Registered in 0.007466 seconds.
Begin MonoManager ReloadAssembly
Native extension for WindowsStandalone target not found
Native extension for OSXStandalone target not found
Refreshing native plugins compatible for Editor in 48.85 ms, found 9 plugins.
Preloading 5 native plugins for Editor in 0.19 ms.
[XR] OculusXRPlugin: registering subsystems
[XR] Unable to register display lifecyle provider: [1]
[XR] Oculus Input lifecycle provider registered.
[XR] Unable to register input lifecyle provider: [1]
System.Reflection.TargetInvocationException: Exception has been thrown by the target of an invocation. ---> System.NullReferenceException: Object reference not set to an instance of an object
  at Unity.XR.Oculus.OculusLoader.AssetPathToAbsolutePath (System.String assetPath) [0x00048] in C:\Users\jpmcc\Documents\GitHub\rocket-lounge\Starbase\Library\PackageCache\com.unity.xr.oculus@1.10.0\Runtime\OculusLoader.cs:250 
  at Unity.XR.Oculus.OculusLoader.EditorLoadOVRPlugin () [0x0007b] in C:\Users\jpmcc\Documents\GitHub\rocket-lounge\Starbase\Library\PackageCache\com.unity.xr.oculus@1.10.0\Runtime\OculusLoader.cs:235 
  at (wrapper managed-to-native) System.Reflection.MonoMethod.InternalInvoke(System.Reflection.MonoMethod,object,object[],System.Exception&)
  at System.Reflection.MonoMethod.Invoke (System.Object obj, System.Reflection.BindingFlags invokeAttr, System.Reflection.Binder binder, System.Object[] parameters, System.Globalization.CultureInfo culture) [0x00032] in <695d1cc93cca45069c528c15c9fdd749>:0 
   --- End of inner exception stack trace ---
  at System.Reflection.MonoMethod.Invoke (System.Object obj, System.Reflection.BindingFlags invokeAttr, System.Reflection.Binder binder, System.Object[] parameters, System.Globalization.CultureInfo culture) [0x00048] in <695d1cc93cca45069c528c15c9fdd749>:0 
  at System.Reflection.MethodBase.Invoke (System.Object obj, System.Object[] parameters) [0x00000] in <695d1cc93cca45069c528c15c9fdd749>:0 
  at UnityEditor.EditorAssemblies.ProcessInitializeOnLoadMethodAttributes () [0x00047] in <5ad584e208e14caaa9e6b2e6027e9204>:0 
UnityEngine.StackTraceUtility:ExtractStackTrace ()
UnityEngine.DebugLogHandler:LogFormat (UnityEngine.LogType,UnityEngine.Object,string,object[])
UnityEngine.Logger:Log (UnityEngine.LogType,object)
UnityEngine.Debug:LogError (object)
UnityEditor.EditorAssemblies:ProcessInitializeOnLoadMethodAttributes ()

Mono: successfully reloaded assembly
- Completed reload, in  0.975 seconds
Domain Reload Profiling:
	ReloadAssembly (976ms)
		BeginReloadAssembly (114ms)
			ExecutionOrderSort (0ms)
			DisableScriptedObjects (4ms)
			BackupInstance (0ms)
			ReleaseScriptingObjects (0ms)
			CreateAndSetChildDomain (15ms)
		EndReloadAssembly (810ms)
			LoadAssemblies (74ms)
			RebuildTransferFunctionScriptingTraits (0ms)
			SetupTypeCache (285ms)
			ReleaseScriptCaches (1ms)
			RebuildScriptCaches (40ms)
			SetupLoadedEditorAssemblies (298ms)
				LogAssemblyErrors (0ms)
				InitializePlatformSupportModulesInManaged (4ms)
				SetLoadedEditorAssemblies (0ms)
				RefreshPlugins (49ms)
				BeforeProcessingInitializeOnLoad (65ms)
				ProcessInitializeOnLoadAttributes (163ms)
				ProcessInitializeOnLoadMethodAttributes (13ms)
				AfterProcessingInitializeOnLoad (4ms)
				EditorAssembliesLoaded (0ms)
			ExecutionOrderSort2 (0ms)
			AwakeInstancesAfterBackupRestoration (5ms)
Platform modules already initialized, skipping
========================================================================
Worker process is ready to serve import requests
Launched and connected shader compiler UnityShaderCompiler.exe after 0.04 seconds
Refreshing native plugins compatible for Editor in 0.74 ms, found 9 plugins.
Preloading 5 native plugins for Editor in 0.19 ms.
Unloading 2830 Unused Serialized files (Serialized files now loaded: 0)
System memory in use before: 127.2 MB.
System memory in use after: 127.3 MB.

Unloading 36 unused Assets to reduce memory usage. Loaded Objects now: 3260.
Total: 3.240700 ms (FindLiveObjects: 0.289700 ms CreateObjectMapping: 0.087000 ms MarkObjects: 2.791600 ms  DeleteObjects: 0.071500 ms)

AssetImportParameters requested are different than current active one (requested -> active):
  custom:framework-win-MediaFoundation: 216162199b28c13a410421893ffa2e32 -> 
  custom:video-decoder-ogg-theora: a1e56fd34408186e4bbccfd4996cb3dc -> 
  custom:container-muxer-webm: aa71ff27fc2769a1b78a27578f13a17b -> 
  custom:container-demuxer-webm: 4f35f7cbe854078d1ac9338744f61a02 -> 
  custom:container-demuxer-ogg: 62fdf1f143b41e24485cea50d1cbac27 -> 
  custom:video-encoder-webm-vp8: eb34c28f22e8b96e1ab97ce403110664 -> 
  custom:video-decoder-webm-vp8: 9c59270c3fd7afecdb556c50c9e8de78 -> 
  custom:audio-decoder-ogg-vorbis: bf7c407c2cedff20999df2af8eb42d56 -> 
  custom:audio-encoder-webm-vorbis: bf7c407c2cedff20999df2af8eb42d56 -> 
========================================================================
Received Import Request.
  path: Assets/Starbase.obj
  artifactKey: Guid(4ae7431f1974d1f4d868b35d39931e10) Importer(815301076,1909f56bfc062723c751e8b465ee728b)
Start importing Assets/Starbase.obj using Guid(4ae7431f1974d1f4d868b35d39931e10) Importer(815301076,1909f56bfc062723c751e8b465ee728b)  -> (artifact id: '483a455976ea10f1d350774caf3696a6') in 0.232448 seconds 
  Import took 0.237670 seconds .

========================================================================
Received Import Request.
  Time since last request: 108.746282 seconds.
  path: Assets/Starbase.obj
  artifactKey: Guid(4ae7431f1974d1f4d868b35d39931e10) Importer(815301076,1909f56bfc062723c751e8b465ee728b)
Start importing Assets/Starbase.obj using Guid(4ae7431f1974d1f4d868b35d39931e10) Importer(815301076,1909f56bfc062723c751e8b465ee728b)  -> (artifact id: 'fe52b9c10f2b148e64e6ed58fa2b7654') in 0.024445 seconds 
  Import took 0.029274 seconds .

========================================================================
Received Import Request.
  Time since last request: 0.004256 seconds.
  path: Assets/Starbase.obj
  artifactKey: Guid(4ae7431f1974d1f4d868b35d39931e10) Importer(815301076,1909f56bfc062723c751e8b465ee728b)
Start importing Assets/Starbase.obj using Guid(4ae7431f1974d1f4d868b35d39931e10) Importer(815301076,1909f56bfc062723c751e8b465ee728b)  -> (artifact id: 'fe52b9c10f2b148e64e6ed58fa2b7654') in 0.027383 seconds 
  Import took 0.031730 seconds .

========================================================================
Received Import Request.
  Time since last request: 469.444819 seconds.
  path: Assets/STARBASE TEXT.obj
  artifactKey: Guid(b20dffb93b3917c40a962600973b6f93) Importer(815301076,1909f56bfc062723c751e8b465ee728b)
Start importing Assets/STARBASE TEXT.obj using Guid(b20dffb93b3917c40a962600973b6f93) Importer(815301076,1909f56bfc062723c751e8b465ee728b)  -> (artifact id: 'a035ab91715363067b374d3eea2f3d48') in 0.025117 seconds 
  Import took 0.030071 seconds .

========================================================================
Received Import Request.
  Time since last request: 0.001075 seconds.
  path: Assets/STARBASE TEXT.obj
  artifactKey: Guid(b20dffb93b3917c40a962600973b6f93) Importer(815301076,1909f56bfc062723c751e8b465ee728b)
Start importing Assets/STARBASE TEXT.obj using Guid(b20dffb93b3917c40a962600973b6f93) Importer(815301076,1909f56bfc062723c751e8b465ee728b)  -> (artifact id: 'a035ab91715363067b374d3eea2f3d48') in 0.023428 seconds 
  Import took 0.027406 seconds .

========================================================================
Received Import Request.
  Time since last request: 5.294146 seconds.
  path: Assets/Starbase.unity
  artifactKey: Guid(8f0a96771bc0dfa40905bb405e619730) Importer(815301076,1909f56bfc062723c751e8b465ee728b)
Start importing Assets/Starbase.unity using Guid(8f0a96771bc0dfa40905bb405e619730) Importer(815301076,1909f56bfc062723c751e8b465ee728b)  -> (artifact id: '15759e83379eb427aac12254f942b7ea') in 0.008776 seconds 
  Import took 0.013519 seconds .

========================================================================
Received Import Request.
  Time since last request: 50.700963 seconds.
  path: Assets/Neon White.mat
  artifactKey: Guid(2ef3bb4fe0b5b7548849609bac53fff7) Importer(815301076,1909f56bfc062723c751e8b465ee728b)
Start importing Assets/Neon White.mat using Guid(2ef3bb4fe0b5b7548849609bac53fff7) Importer(815301076,1909f56bfc062723c751e8b465ee728b)  -> (artifact id: 'aa686e1b4ddc6b0d7c415a9f1a14a3c7') in 0.019255 seconds 
  Import took 0.024029 seconds .

========================================================================
Received Import Request.
  Time since last request: 4.536137 seconds.
  path: Assets/Neon Blue.mat
  artifactKey: Guid(4c30230194b825e4c9d23de51cc522d2) Importer(815301076,1909f56bfc062723c751e8b465ee728b)
Start importing Assets/Neon Blue.mat using Guid(4c30230194b825e4c9d23de51cc522d2) Importer(815301076,1909f56bfc062723c751e8b465ee728b)  -> (artifact id: 'f1232f4edf84b02522634ee1cfac8681') in 0.012090 seconds 
  Import took 0.017299 seconds .

========================================================================
Received Import Request.
  Time since last request: 124.377548 seconds.
  path: Assets/STARBASE TEXT.obj
  artifactKey: Guid(b20dffb93b3917c40a962600973b6f93) Importer(815301076,1909f56bfc062723c751e8b465ee728b)
Start importing Assets/STARBASE TEXT.obj using Guid(b20dffb93b3917c40a962600973b6f93) Importer(815301076,1909f56bfc062723c751e8b465ee728b)  -> (artifact id: '7f3afdc737a80e9d80da7d09554af838') in 0.026364 seconds 
  Import took 0.030706 seconds .

========================================================================
Received Prepare
Registering precompiled user dll's ...
Registered in 0.008379 seconds.
Begin MonoManager ReloadAssembly
Native extension for WindowsStandalone target not found
Native extension for OSXStandalone target not found
Refreshing native plugins compatible for Editor in 0.86 ms, found 9 plugins.
Preloading 5 native plugins for Editor in 0.22 ms.
System.Reflection.TargetInvocationException: Exception has been thrown by the target of an invocation. ---> System.NullReferenceException: Object reference not set to an instance of an object
  at Unity.XR.Oculus.OculusLoader.AssetPathToAbsolutePath (System.String assetPath) [0x00048] in C:\Users\jpmcc\Documents\GitHub\rocket-lounge\Starbase\Library\PackageCache\com.unity.xr.oculus@1.10.0\Runtime\OculusLoader.cs:250 
  at Unity.XR.Oculus.OculusLoader.EditorLoadOVRPlugin () [0x0007b] in C:\Users\jpmcc\Documents\GitHub\rocket-lounge\Starbase\Library\PackageCache\com.unity.xr.oculus@1.10.0\Runtime\OculusLoader.cs:235 
  at (wrapper managed-to-native) System.Reflection.MonoMethod.InternalInvoke(System.Reflection.MonoMethod,object,object[],System.Exception&)
  at System.Reflection.MonoMethod.Invoke (System.Object obj, System.Reflection.BindingFlags invokeAttr, System.Reflection.Binder binder, System.Object[] parameters, System.Globalization.CultureInfo culture) [0x00032] in <695d1cc93cca45069c528c15c9fdd749>:0 
   --- End of inner exception stack trace ---
  at System.Reflection.MonoMethod.Invoke (System.Object obj, System.Reflection.BindingFlags invokeAttr, System.Reflection.Binder binder, System.Object[] parameters, System.Globalization.CultureInfo culture) [0x00048] in <695d1cc93cca45069c528c15c9fdd749>:0 
  at System.Reflection.MethodBase.Invoke (System.Object obj, System.Object[] parameters) [0x00000] in <695d1cc93cca45069c528c15c9fdd749>:0 
  at UnityEditor.EditorAssemblies.ProcessInitializeOnLoadMethodAttributes () [0x00047] in <5ad584e208e14caaa9e6b2e6027e9204>:0 
UnityEngine.StackTraceUtility:ExtractStackTrace ()
UnityEngine.DebugLogHandler:LogFormat (UnityEngine.LogType,UnityEngine.Object,string,object[])
UnityEngine.Logger:Log (UnityEngine.LogType,object)
UnityEngine.Debug:LogError (object)
UnityEditor.EditorAssemblies:ProcessInitializeOnLoadMethodAttributes ()

Mono: successfully reloaded assembly
- Completed reload, in  1.114 seconds
Domain Reload Profiling:
	ReloadAssembly (1115ms)
		BeginReloadAssembly (136ms)
			ExecutionOrderSort (0ms)
			DisableScriptedObjects (6ms)
			BackupInstance (0ms)
			ReleaseScriptingObjects (0ms)
			CreateAndSetChildDomain (40ms)
		EndReloadAssembly (925ms)
			LoadAssemblies (89ms)
			RebuildTransferFunctionScriptingTraits (0ms)
			SetupTypeCache (343ms)
			ReleaseScriptCaches (1ms)
			RebuildScriptCaches (43ms)
			SetupLoadedEditorAssemblies (308ms)
				LogAssemblyErrors (0ms)
				InitializePlatformSupportModulesInManaged (6ms)
				SetLoadedEditorAssemblies (0ms)
				RefreshPlugins (1ms)
				BeforeProcessingInitializeOnLoad (65ms)
				ProcessInitializeOnLoadAttributes (216ms)
				ProcessInitializeOnLoadMethodAttributes (15ms)
				AfterProcessingInitializeOnLoad (5ms)
				EditorAssembliesLoaded (0ms)
			ExecutionOrderSort2 (0ms)
			AwakeInstancesAfterBackupRestoration (14ms)
Platform modules already initialized, skipping
Refreshing native plugins compatible for Editor in 1.00 ms, found 9 plugins.
Preloading 5 native plugins for Editor in 0.24 ms.
Unloading 2706 Unused Serialized files (Serialized files now loaded: 0)
System memory in use before: 125.0 MB.
System memory in use after: 125.3 MB.

Unloading 31 unused Assets to reduce memory usage. Loaded Objects now: 3345.
Total: 3.851300 ms (FindLiveObjects: 0.381000 ms CreateObjectMapping: 0.069000 ms MarkObjects: 3.375300 ms  DeleteObjects: 0.024800 ms)

AssetImportParameters requested are different than current active one (requested -> active):
  custom:framework-win-MediaFoundation: 216162199b28c13a410421893ffa2e32 -> 
  custom:video-decoder-ogg-theora: a1e56fd34408186e4bbccfd4996cb3dc -> 
  custom:container-muxer-webm: aa71ff27fc2769a1b78a27578f13a17b -> 
  custom:container-demuxer-webm: 4f35f7cbe854078d1ac9338744f61a02 -> 
  custom:container-demuxer-ogg: 62fdf1f143b41e24485cea50d1cbac27 -> 
  custom:video-encoder-webm-vp8: eb34c28f22e8b96e1ab97ce403110664 -> 
  custom:video-decoder-webm-vp8: 9c59270c3fd7afecdb556c50c9e8de78 -> 
  custom:audio-decoder-ogg-vorbis: bf7c407c2cedff20999df2af8eb42d56 -> 
  custom:audio-encoder-webm-vorbis: bf7c407c2cedff20999df2af8eb42d56 -> 
========================================================================
Received Import Request.
  Time since last request: 878.835626 seconds.
  path: Assets/Ground.mat
  artifactKey: Guid(7e78d772680b5ab4f9e65c14bcf703ee) Importer(815301076,1909f56bfc062723c751e8b465ee728b)
Start importing Assets/Ground.mat using Guid(7e78d772680b5ab4f9e65c14bcf703ee) Importer(815301076,1909f56bfc062723c751e8b465ee728b)  -> (artifact id: 'd6868775e9d153ea04d540dd91668c04') in 0.139182 seconds 
  Import took 0.144501 seconds .

========================================================================
Received Import Request.
  Time since last request: 0.000177 seconds.
  path: Assets/Free Skyboxes - Space/SBS Space 5/Small/Skybox_Space 5 Small.mat
  artifactKey: Guid(8baa8354f213a7c449dd6c96646dc976) Importer(815301076,1909f56bfc062723c751e8b465ee728b)
Start importing Assets/Free Skyboxes - Space/SBS Space 5/Small/Skybox_Space 5 Small.mat using Guid(8baa8354f213a7c449dd6c96646dc976) Importer(815301076,1909f56bfc062723c751e8b465ee728b)  -> (artifact id: '6cf15c8dc3129aebb04543dc54137f0c') in 0.182734 seconds 
  Import took 0.187645 seconds .

========================================================================
Received Import Request.
  Time since last request: 0.000154 seconds.
  path: Assets/Neon White.mat
  artifactKey: Guid(2ef3bb4fe0b5b7548849609bac53fff7) Importer(815301076,1909f56bfc062723c751e8b465ee728b)
Start importing Assets/Neon White.mat using Guid(2ef3bb4fe0b5b7548849609bac53fff7) Importer(815301076,1909f56bfc062723c751e8b465ee728b)  -> (artifact id: 'f0fad8d597d1ecb1c523cca27fd929a0') in 0.011492 seconds 
  Import took 0.015678 seconds .

AssetImportWorkerClient::OnTransportError - code=2 error=End of file
